%!Adobe-FontList 1.16
%Locale:0x1409

%BeginFont
Handler:DirectoryHandler
FontType:TrueType
FontName:CooperBlack
FamilyName:Cooper Black
StyleName:Regular
FullName:Cooper Black
MenuName:Cooper Black
StyleBits:0
WritingScript:Roman
OutlineFileName:C:\Users\user\Desktop\F&PH_950_Augmented_Storyboard Folder\Document fonts\COOPBL_1.TTF
DataFormat:sfntData
FileLength:80388
FileModTime:1415944137
WeightClass:400
WidthClass:5
AngleClass:0
NameArray:0,Mac,4,Cooper Black
NameArray:0,Win,1,Cooper Black
%EndFont

%BeginFont
Handler:DirectoryHandler
FontType:Type1
FontName:Gotham-Light
FamilyName:Gotham
StyleName:Light
FullName:Gotham Light
MenuName:Gotham Light
StyleBits:0
WritingScript:Roman
OutlineFileName:C:\Users\user\Desktop\F&PH_950_Augmented_Storyboard Folder\Document fonts\Gotham-Light_1.otf
DataFormat:sfntData
UsesStandardEncoding:yes
isCFF:yes
FileLength:155004
FileModTime:1221168702
WeightClass:300
WidthClass:5
AngleClass:0
NameArray:0,Mac,4,Gotham Light
NameArray:0,Win,1,Gotham Light
NameArray:0,Win,16,Gotham
%EndFont

%BeginFont
Handler:DirectoryHandler
FontType:Type1
FontName:Gotham-Medium
FamilyName:Gotham
StyleName:Medium
FullName:Gotham Medium
MenuName:Gotham Medium
StyleBits:0
WritingScript:Roman
OutlineFileName:C:\Users\user\Desktop\F&PH_950_Augmented_Storyboard Folder\Document fonts\Gotham-Medium_1.otf
DataFormat:sfntData
UsesStandardEncoding:yes
isCFF:yes
FileLength:128768
FileModTime:1187004180
WeightClass:350
WidthClass:5
AngleClass:0
NameArray:0,Mac,4,Gotham Medium
NameArray:0,Win,1,Gotham Medium
NameArray:0,Win,16,Gotham
%EndFont

%BeginFont
Handler:DirectoryHandler
FontType:Type1
FontName:GothamNarrow-Bold
FamilyName:Gotham Narrow
StyleName:Bold
FullName:Gotham Narrow Bold
MenuName:Gotham Narrow Bold
StyleBits:0
WritingScript:Roman
OutlineFileName:C:\Users\user\Desktop\F&PH_950_Augmented_Storyboard Folder\Document fonts\GothamNarrow-Bold_1.otf
DataFormat:sfntData
UsesStandardEncoding:yes
isCFF:yes
FileLength:176412
FileModTime:1370931298
WeightClass:400
WidthClass:3
AngleClass:0
NameArray:0,Mac,4,Gotham Narrow Bold
NameArray:0,Win,1,Gotham Narrow Bold
NameArray:0,Win,16,Gotham Narrow
%EndFont

%BeginFont
Handler:DirectoryHandler
FontType:Type1
FontName:GothamNarrow-Medium
FamilyName:Gotham Narrow
StyleName:Medium
FullName:Gotham Narrow Medium
MenuName:Gotham Narrow Medium
StyleBits:0
WritingScript:Roman
OutlineFileName:C:\Users\user\Desktop\F&PH_950_Augmented_Storyboard Folder\Document fonts\GothamNarrow-Medium_1.otf
DataFormat:sfntData
UsesStandardEncoding:yes
isCFF:yes
FileLength:178648
FileModTime:1370931298
WeightClass:350
WidthClass:3
AngleClass:0
NameArray:0,Mac,4,Gotham Narrow Medium
NameArray:0,Win,1,Gotham Narrow Medium
NameArray:0,Win,16,Gotham Narrow
%EndFont

%BeginFont
Handler:DirectoryHandler
FontType:Type1
FontName:HelveticaNeue-Medium
FamilyName:Helvetica Neue
StyleName:65 Medium
FullName:Helvetica 65 Medium
MenuName:Helvetica 65 Medium
StyleBits:0
WritingScript:Roman
OutlineFileName:C:\Users\user\Desktop\F&PH_950_Augmented_Storyboard Folder\Document fonts\HLM___0.PFB
DataFormat:Plain
UsesStandardEncoding:yes
isCFF:no
FileLength:28589
FileModTime:745307028
WeightClass:500
WidthClass:5
AngleClass:0
DesignSize:-1
%EndFont

%BeginFont
Handler:DirectoryHandler
FontType:PFM
FontName:HelveticaNeue-Medium
NumMMAxes:0
OutlineFileName:C:\Users\user\Desktop\F&PH_950_Augmented_Storyboard Folder\Document fonts\HLM___0.PFM
FileLength:1093
FileModTime:788014860
%EndFont

%BeginFont
Handler:DirectoryHandler
FontType:Type1
FontName:HelveticaNeue-Roman
FamilyName:Helvetica Neue
StyleName:55 Roman
FullName:Helvetica 55 Roman
MenuName:Helvetica 55 Roman
StyleBits:0
WritingScript:Roman
OutlineFileName:C:\Users\user\Desktop\F&PH_950_Augmented_Storyboard Folder\Document fonts\HLR___0.PFB
DataFormat:Plain
UsesStandardEncoding:yes
isCFF:no
FileLength:27372
FileModTime:745306504
WeightClass:400
WidthClass:5
AngleClass:0
DesignSize:-1
%EndFont

%BeginFont
Handler:DirectoryHandler
FontType:PFM
FontName:HelveticaNeue-Roman
NumMMAxes:0
OutlineFileName:C:\Users\user\Desktop\F&PH_950_Augmented_Storyboard Folder\Document fonts\HLR___0.PFM
FileLength:1091
FileModTime:788014860
%EndFont

%BeginFont
Handler:DirectoryHandler
FontType:Type1
FontName:MinionPro-Regular
FamilyName:Minion Pro
StyleName:Regular
FullName:Minion Pro
MenuName:Minion Pro
StyleBits:0
WritingScript:Roman
OutlineFileName:C:\Users\user\Desktop\F&PH_950_Augmented_Storyboard Folder\Document fonts\MinionPro-Regular.otf
DataFormat:sfntData
UsesStandardEncoding:yes
isCFF:yes
FileLength:218640
FileModTime:1361481380
WeightClass:400
WidthClass:5
AngleClass:0
DesignSize:110
NameArray:0,Mac,4,Minion Pro
NameArray:0,Win,1,Minion Pro
%EndFont

